
2014/03/27 - 13:14:59 Starting consumer
INFO: Running in performance timed stats mode
2014-03-27 13:14:59: 
********************************************************************************
Note: This build of the MAMA API is not enforcing entitlement checks.
Please see the Licensing file for details
**********************************************************************************

                 TIME     RATE  TRANS LOW  TRANS AVG TRANS HIGH     GAPS  MC GAPS MISSING FIDS 
2014/03/27 - 13:15:00    15672         87         96       3336        0        0            0
2014/03/27 - 13:15:01    16004         89         97        541        0        0            0
2014/03/27 - 13:15:02    16019         88         99       1695        0        0            0
2014/03/27 - 13:15:03    16167         87         96       1091        0        0            0
2014/03/27 - 13:15:04    16008         84         92        425        0        0            0
2014/03/27 - 13:15:05    16051         86         92        228        0        0            0
2014/03/27 - 13:15:06    16048         85         93       1505        0        0            0
2014/03/27 - 13:15:07    16024         86         92        202        0        0            0
2014/03/27 - 13:15:08    16202         86         91        399        0        0            0
2014/03/27 - 13:15:09    16151         86         92        399        0        0            0
2014/03/27 - 13:15:10    15987         86         92        434        0        0            0
2014/03/27 - 13:15:11    16175         85         91        418        0        0            0
2014/03/27 - 13:15:12    16170         86         91        400        0        0            0
2014/03/27 - 13:15:13    16181         87         91        186        0        0            0
2014/03/27 - 13:15:14    16135         87         92        406        0        0            0
2014/03/27 - 13:15:15    16025         85         92        220        0        0            0
2014/03/27 - 13:15:16    15997         86         92        522        0        0            0
2014/03/27 - 13:15:17    16100         86         92        405        0        0            0
2014/03/27 - 13:15:18    16081         86         92       1140        0        0            0
2014/03/27 - 13:15:19    16038         86         92        494        0        0            0
2014/03/27 - 13:15:20    16067         86         92        484        0        0            0
2014/03/27 - 13:15:21    16067         85         92        351        0        0            0
2014/03/27 - 13:15:22    16096         86         91        401        0        0            0
2014/03/27 - 13:15:23    16026         86         91        498        0        0            0
2014/03/27 - 13:15:24    16162         86         92        471        0        0            0
2014/03/27 - 13:15:25    16147         85         91        482        0        0            0
2014/03/27 - 13:15:26    16011         85         92        846        0        0            0
2014/03/27 - 13:15:27    16147         85         91        478        0        0            0
SIGINT caught. Shutting down
Shutdown: Destroying Subscriptions
Shutdown: Destroying Dispatchers
Shutdown: Deallocating Subscriptions
Shutdown: Destroying Sources
Shutdown: Destroying Timers
Shutdown: Destroying Queues
Shutdown: Destroying Transport
