
Starting Publisher with:
   topic0:             sym
   interval            0.500000
   transport:          pub
   msg size            200
   namespace:          MAMA.
2014-03-27 13:14:57: 
********************************************************************************
Note: This build of the MAMA API is not enforcing entitlement checks.
Please see the Licensing file for details
**********************************************************************************
2014/03/27 - 13:14:57 Starting to publish
2014/03/27 - 13:14:58 RATE = 1503929
2014/03/27 - 13:14:59 RATE = 845960
2014/03/27 - 13:15:00 RATE = 16075
2014/03/27 - 13:15:01 RATE = 16004
2014/03/27 - 13:15:02 RATE = 16117
2014/03/27 - 13:15:03 RATE = 16081
2014/03/27 - 13:15:04 RATE = 16002
2014/03/27 - 13:15:05 RATE = 16077
2014/03/27 - 13:15:06 RATE = 16000
2014/03/27 - 13:15:07 RATE = 16125
2014/03/27 - 13:15:08 RATE = 16194
2014/03/27 - 13:15:09 RATE = 16072
2014/03/27 - 13:15:10 RATE = 16064
2014/03/27 - 13:15:11 RATE = 16182
2014/03/27 - 13:15:12 RATE = 16195
2014/03/27 - 13:15:13 RATE = 16132
2014/03/27 - 13:15:14 RATE = 16107
2014/03/27 - 13:15:15 RATE = 15976
2014/03/27 - 13:15:16 RATE = 16063
2014/03/27 - 13:15:17 RATE = 16090
2014/03/27 - 13:15:18 RATE = 16094
2014/03/27 - 13:15:19 RATE = 16013
2014/03/27 - 13:15:20 RATE = 16094
2014/03/27 - 13:15:21 RATE = 16041
2014/03/27 - 13:15:22 RATE = 16090
2014/03/27 - 13:15:23 RATE = 16078
2014/03/27 - 13:15:24 RATE = 16190
2014/03/27 - 13:15:25 RATE = 16042
2014/03/27 - 13:15:26 RATE = 16092
SIGINT caught. Shutting down
Shutdown: Destroying Timers
Shutdown: Destroying Publishers
Shutdown: Destroying Transport
